[11-Jan-2019 03:56:44] NOTICE: fpm is running, pid 14
[11-Jan-2019 03:56:44] NOTICE: ready to handle connections
[11-Jan-2019 04:14:59] NOTICE: Terminating ...
[11-Jan-2019 04:14:59] NOTICE: exiting, bye-bye!
[11-Jan-2019 12:17:56] NOTICE: fpm is running, pid 54
[11-Jan-2019 12:17:56] NOTICE: ready to handle connections
[11-Jan-2019 12:45:19] NOTICE: Terminating ...
[11-Jan-2019 12:45:19] NOTICE: exiting, bye-bye!
[12-Jan-2019 14:48:41] NOTICE: fpm is running, pid 54
[12-Jan-2019 14:48:41] NOTICE: ready to handle connections
[12-Jan-2019 19:19:02] NOTICE: Terminating ...
[12-Jan-2019 19:19:02] NOTICE: exiting, bye-bye!
[14-Jan-2019 02:47:51] NOTICE: fpm is running, pid 55
[14-Jan-2019 02:47:51] NOTICE: ready to handle connections
[14-Jan-2019 04:14:59] NOTICE: Terminating ...
[14-Jan-2019 04:14:59] NOTICE: exiting, bye-bye!
[05-Feb-2019 12:34:08] NOTICE: fpm is running, pid 55
[05-Feb-2019 12:34:08] NOTICE: ready to handle connections
[05-Feb-2019 13:04:27] NOTICE: Terminating ...
[05-Feb-2019 13:04:27] NOTICE: exiting, bye-bye!
[24-Feb-2019 19:58:38] NOTICE: fpm is running, pid 55
[24-Feb-2019 19:58:38] NOTICE: ready to handle connections
[24-Feb-2019 20:32:39] NOTICE: Terminating ...
[24-Feb-2019 20:32:39] NOTICE: exiting, bye-bye!
[25-Feb-2019 12:11:04] NOTICE: fpm is running, pid 55
[25-Feb-2019 12:11:04] NOTICE: ready to handle connections
[25-Feb-2019 12:58:33] NOTICE: Terminating ...
[25-Feb-2019 12:58:34] NOTICE: exiting, bye-bye!
[26-Mar-2019 11:12:50] NOTICE: fpm is running, pid 58
[26-Mar-2019 11:12:50] NOTICE: ready to handle connections
[26-Mar-2019 12:08:50] NOTICE: Terminating ...
[26-Mar-2019 12:08:50] NOTICE: exiting, bye-bye!
[27-Mar-2019 11:36:35] NOTICE: fpm is running, pid 55
[27-Mar-2019 11:36:35] NOTICE: ready to handle connections
[27-Mar-2019 12:31:03] NOTICE: Terminating ...
[27-Mar-2019 12:31:03] NOTICE: exiting, bye-bye!
[28-Mar-2019 11:21:16] NOTICE: fpm is running, pid 55
[28-Mar-2019 11:21:16] NOTICE: ready to handle connections
[28-Mar-2019 11:48:44] NOTICE: Terminating ...
[28-Mar-2019 11:48:44] NOTICE: exiting, bye-bye!
[29-Mar-2019 11:54:14] NOTICE: fpm is running, pid 54
[29-Mar-2019 11:54:14] NOTICE: ready to handle connections
[29-Mar-2019 12:35:23] NOTICE: Terminating ...
[29-Mar-2019 12:35:23] NOTICE: exiting, bye-bye!
[05-Apr-2019 02:07:11] NOTICE: fpm is running, pid 55
[05-Apr-2019 02:07:11] NOTICE: ready to handle connections
[05-Apr-2019 02:40:10] NOTICE: Terminating ...
[05-Apr-2019 02:40:10] NOTICE: exiting, bye-bye!
[06-Apr-2019 14:38:30] NOTICE: fpm is running, pid 56
[06-Apr-2019 14:38:30] NOTICE: ready to handle connections
[06-Apr-2019 17:59:05] NOTICE: Terminating ...
[06-Apr-2019 17:59:05] NOTICE: exiting, bye-bye!
[07-Apr-2019 12:36:44] NOTICE: fpm is running, pid 54
[07-Apr-2019 12:36:44] NOTICE: ready to handle connections
[07-Apr-2019 13:09:05] NOTICE: Terminating ...
[07-Apr-2019 13:09:05] NOTICE: exiting, bye-bye!
[07-Apr-2019 20:53:24] NOTICE: fpm is running, pid 54
[07-Apr-2019 20:53:24] NOTICE: ready to handle connections
[07-Apr-2019 21:15:36] NOTICE: fpm is running, pid 57
[07-Apr-2019 21:15:36] NOTICE: ready to handle connections
[07-Apr-2019 21:16:36] NOTICE: Terminating ...
[07-Apr-2019 21:16:36] NOTICE: exiting, bye-bye!
[07-Apr-2019 21:18:20] NOTICE: fpm is running, pid 53
[07-Apr-2019 21:18:20] NOTICE: ready to handle connections
[08-Apr-2019 11:59:43] NOTICE: Terminating ...
[08-Apr-2019 11:59:43] NOTICE: exiting, bye-bye!
[09-Apr-2019 11:29:10] NOTICE: fpm is running, pid 55
[09-Apr-2019 11:29:10] NOTICE: ready to handle connections
[09-Apr-2019 12:32:59] NOTICE: Terminating ...
[09-Apr-2019 12:32:59] NOTICE: exiting, bye-bye!
[11-Apr-2019 02:03:07] NOTICE: fpm is running, pid 55
[11-Apr-2019 02:03:07] NOTICE: ready to handle connections
[11-Apr-2019 02:21:39] NOTICE: Terminating ...
[11-Apr-2019 02:21:39] NOTICE: exiting, bye-bye!
